<?xml version="1.0" encoding="utf-8"?><testsuites><testsuite name="pytest" errors="0" failures="0" skipped="3" tests="8" time="84.029" timestamp="2026-05-22T08:36:08.552008" hostname="ubt24"><testcase classname="tests.api.test_interface_api.TestInterfaceAPI" name="test_configure_x2_interface" time="0.229" /><testcase classname="tests.api.test_interface_api.TestInterfaceAPI" name="test_verify_x2_interface_config" time="0.062" /><testcase classname="tests.cli.test_interface_config.TestInterfaceConfigCLI" name="test_ssh_connection" time="12.186" /><testcase classname="tests.cli.test_interface_config.TestInterfaceConfigCLI" name="test_configure_x2_ip_via_cli" time="16.641" /><testcase classname="tests.functional.test_access_rules.TestAccessRules" name="test_add_acl_rule_via_api" time="0.141"><skipped type="pytest.skip" message="ACL 'auto_rules_01' already exists">/opt/test_framework/tests/functional/test_access_rules.py:118: ACL 'auto_rules_01' already exists</skipped></testcase><testcase classname="tests.functional.test_access_rules.TestAccessRules" name="test_acl_rule_connectivity" time="30.050"><skipped type="pytest.skip" message="SSH connection to 10.8.106.11 failed: Connection error: timed out">/opt/test_framework/tests/functional/test_access_rules.py:243: SSH connection to 10.8.106.11 failed: Connection error: timed out</skipped></testcase><testcase classname="tests.functional.test_access_rules.TestAccessRules" name="test_complete_acl_workflow" time="0.151"><skipped type="pytest.skip" message="ACL 'auto_rules_01' already exists">/opt/test_framework/tests/functional/test_access_rules.py:118: ACL 'auto_rules_01' already exists</skipped></testcase><testcase classname="tests.ui.test_interface_page.TestInterfacePage" name="test_interface_page_has_dmz_zone" time="24.153" /></testsuite></testsuites>